2025-04-10 08:46:59 - Model retraining initiated after data upload to student_2025
2025-04-10 08:51:09 - Model retraining initiated after data upload to student_2025
2025-04-10 08:51:31 - Model retraining initiated after data upload to student_2025
2025-04-10 08:54:07 - Model retraining initiated after data upload to student_2025
2025-04-10 09:00:00 - Retrain flag created after data upload to student_2025
2025-04-10 09:00:55 - Retrain flag created after data upload to student_2025
2025-04-10 10:42:07 - Retrain flag created after data upload to student_2025
2025-04-10 10:43:50 - Retrain flag created after data upload to student_2025
2025-05-04 20:16:38 - Retrain flag created after data upload to student_2025
2025-05-04 20:17:57 - Retrain flag created after data upload to student_2025
2025-05-04 20:19:54 - Retrain flag created after data upload to student_2022
2025-05-04 20:22:18 - Retrain flag created after data upload to student_2022
2025-05-04 20:22:47 - Retrain flag created after data upload to student_2025
2025-05-04 20:23:19 - Retrain flag created after data upload to student_2025
2025-05-04 20:25:01 - Retrain flag created after data upload to student_2025
2025-05-05 11:03:23 - Retrain flag created after data upload to student_2021
2025-05-05 18:50:36 - Retrain flag created after data upload to student_2025
2025-05-05 19:49:36 - Retrain flag created after data upload to student_2025
2025-05-05 20:36:03 - Retrain flag created after data upload to student_2025
2025-05-14 20:01:16 - Retrain flag created after data upload to student_2025
2025-05-14 20:12:16 - Retrain flag created after data upload to student_2025
2025-05-15 04:51:47 - Retrain flag created after data upload to student_2025
2025-05-15 04:53:13 - Retrain flag created after data upload to student_2025
2025-05-15 05:05:36 - Retrain flag created after data upload to student_2025
2025-05-15 05:06:49 - Retrain flag created after data upload to student_2025
2025-07-27 20:48:44 - Retrain flag created after data upload to student_2021_sem_1 (Year: 2021, Semester: 1st Semester, Records: 16)
2025-07-27 21:31:24 - Retrain flag created after data upload to student_2020_sem_2 (Year: 2020, Semester: 2nd Semester, Records: 16)
2025-08-04 07:29:34 - Retrain flag created after data upload to student_2020_sem_2 (Year: 2020, Semester: 2nd Semester, Records: 16)
2025-08-04 18:22:14 - Retrain flag created after data upload to student_2020_sem_2 (Year: 2020, Semester: 2nd Semester, Records: 16)
2025-08-04 18:54:58 - Retrain flag created after data upload to student_2025_sem_1 (Year: 2025, Semester: 1st Semester, Records: 16)
2025-08-04 19:26:02 - Retrain flag created after data upload to student_2022_sem_1 (Year: 2022, Semester: 1st Semester, Records: 16)
2025-08-04 21:27:10 - Retrain flag created after data upload to student_2025_sem_1 (Year: 2025, Semester: 1st Semester, Records: 16)
2025-08-04 21:42:58 - Retrain flag created after data upload to student_2024_sem_2 (Year: 2024, Semester: 2nd Semester, Records: 16)
2025-08-04 21:58:41 - Retrain flag created after data upload to student_2023_sem_1 (Year: 2023, Semester: 1st Semester, Records: 16)
2025-08-06 08:24:27 - Retrain flag created after data upload to student_2024
2025-08-06 08:27:09 - Retrain flag created after data upload to student_2025
2025-08-06 08:28:36 - Retrain flag created after data upload to student_2025 (Records: 16)
2025-08-06 08:28:56 - Retrain flag created after data upload to student_2025 (Records: 16)
2025-08-06 08:29:13 - Retrain flag created after data upload to student_2023 (Records: 16)
2025-08-06 08:31:54 - Retrain flag created after data upload to student_2023 (Records: 16)
2025-08-06 08:32:12 - Retrain flag created after data upload to student_2022 (Records: 16)
2025-08-06 08:34:13 - Retrain flag created after data upload to student_2022
2025-08-06 08:34:42 - Retrain flag created after data upload to student_2020
2025-08-06 08:36:13 - Retrain flag created after data upload to student_2025
2025-08-06 08:41:45 - Retrain flag created after data upload to student_2025
2025-08-06 08:41:57 - Retrain flag created after data upload to student_2020
2025-08-06 11:42:35 - Retrain flag created after data upload to student_2025_sem_summer (Year: 2025, Semester: Summer Term, Records: 16)
2025-08-06 11:43:13 - Retrain flag created after data upload to student_2024_sem_1 (Year: 2024, Semester: 1st Semester, Records: 16)
2025-08-07 05:46:22 - Retrain flag created after data upload to student_2023_sem_2 (Year: 2023, Semester: 2nd Semester, Records: 16)
2025-08-07 05:56:00 - Retrain flag created after data upload to student_2025
2025-08-07 05:58:39 - Retrain flag created after data upload to student_2025
2025-08-07 06:55:30 - Retrain flag created after data upload to student_2025
2025-08-07 06:57:18 - Retrain flag created after data upload to student_2025
2025-08-07 06:58:54 - Retrain flag created after data upload to student_2025
2025-11-07 05:07:15 - Retrain flag created after perfect data upload to student_2024_sem_1 (Year: 2024, Semester: 1st Semester, Records: 70) by staff1 (testuser1)
2025-11-07 05:21:36 - Retrain flag created after perfect data upload to student_2021_sem_2 (Year: 2021, Semester: 2nd Semester, Records: 70) by staff1 (testuser1)
2025-11-07 05:22:07 - Retrain flag created after perfect data upload to student_2021_sem_1 (Year: 2021, Semester: 1st Semester, Records: 70) by staff1 (testuser1)
2025-11-07 05:24:35 - Retrain flag created after perfect data upload to student_2023_sem_2 (Year: 2023, Semester: 2nd Semester, Records: 70) by staff1 (testuser1)
2025-11-07 05:25:56 - Retrain flag created after perfect data upload to student_2024_sem_2 (Year: 2024, Semester: 2nd Semester, Records: 70) by staff1 (testuser1)
2025-11-07 19:13:47 - Retrain flag created after perfect data upload to student_2020_sem_1 (Year: 2020, Semester: 1st Semester, Records: 70) by staff1 (testuser1)
2025-11-07 19:40:48 - Retrain flag created after perfect data upload to student_2021_sem_1 (Year: 2021, Semester: 1st Semester, Records: 70) by staff1 (testuser1)
